Start testing: May 20 08:21 UTC
----------------------------------------------------------
1/1 Testing: UnitTests
1/1 Test: UnitTests
Command: "/workspaces/evtol_simulation/build/unit_tests"
Directory: /workspaces/evtol_simulation/build
"UnitTests" start time: May 20 08:21 UTC
Output:
----------------------------------------------------------
EVTOL tests passed.
ChargerManager tests passed.
FaultManager tests passed.
FleetManager tests passed.

-- Per-Vehicle-Type Statistics --
VehicleType 0:
  Avg Flight Time: 60 mins
  Avg Distance per Flight: 120 miles
  Avg Charge Time: 1.5 hrs
  Total Faults: 1
  Total Passenger Miles: 480
StatisticsTracker tests passed.
All tests passed successfully.
<end of output>
Test time =   0.00 sec
----------------------------------------------------------
Test Passed.
"UnitTests" end time: May 20 08:21 UTC
"UnitTests" time elapsed: 00:00:00
----------------------------------------------------------

End testing: May 20 08:21 UTC
