Start testing: May 29 06:43 UTC
----------------------------------------------------------
1/5 Testing: test_evtol
1/5 Test: test_evtol
Command: "/workspaces/evtol_simulation/build/test_evtol"
Directory: /workspaces/evtol_simulation/build
"test_evtol" start time: May 29 06:43 UTC
Output:
----------------------------------------------------------
✅ testSimulateStep executed
❌ testAccessors failed
FAILED: testAccessors
✅ testCoinFlip passed

❌ 1 EVTOL test(s) failed
<end of output>
Test time =   0.00 sec
----------------------------------------------------------
Test Failed.
"test_evtol" end time: May 29 06:43 UTC
"test_evtol" time elapsed: 00:00:00
----------------------------------------------------------

2/5 Testing: test_charger_manager
2/5 Test: test_charger_manager
Command: "/workspaces/evtol_simulation/build/test_charger_manager"
Directory: /workspaces/evtol_simulation/build
"test_charger_manager" start time: May 29 06:43 UTC
Output:
----------------------------------------------------------
✅ testAssignCharger passed
❌ testUpdate failed: EVTOL is not charging when expected
FAILED: testUpdate
❌ 1 ChargerManager test(s) failed
<end of output>
Test time =   0.00 sec
----------------------------------------------------------
Test Failed.
"test_charger_manager" end time: May 29 06:43 UTC
"test_charger_manager" time elapsed: 00:00:00
----------------------------------------------------------

3/5 Testing: test_fault_manager
3/5 Test: test_fault_manager
Command: "/workspaces/evtol_simulation/build/test_fault_manager"
Directory: /workspaces/evtol_simulation/build
"test_fault_manager" start time: May 29 06:43 UTC
Output:
----------------------------------------------------------
✅ testGetAllFaults passed
✅ testRecordFault passed

✅ All FaultManager tests passed
<end of output>
Test time =   0.00 sec
----------------------------------------------------------
Test Passed.
"test_fault_manager" end time: May 29 06:43 UTC
"test_fault_manager" time elapsed: 00:00:00
----------------------------------------------------------

4/5 Testing: test_fleet_manager
4/5 Test: test_fleet_manager
Command: "/workspaces/evtol_simulation/build/test_fleet_manager"
Directory: /workspaces/evtol_simulation/build
"test_fleet_manager" start time: May 29 06:43 UTC
Output:
----------------------------------------------------------
✅ testAddVehicle passed
✅ testGetFleet passed

✅ All FleetManager tests passed
<end of output>
Test time =   0.00 sec
----------------------------------------------------------
Test Passed.
"test_fleet_manager" end time: May 29 06:43 UTC
"test_fleet_manager" time elapsed: 00:00:00
----------------------------------------------------------

5/5 Testing: test_statistics_tracker
5/5 Test: test_statistics_tracker
Command: "/workspaces/evtol_simulation/build/test_statistics_tracker"
Directory: /workspaces/evtol_simulation/build
"test_statistics_tracker" start time: May 29 06:43 UTC
Output:
----------------------------------------------------------
✅ testRecordFlight passed
✅ testRecordCharge passed (verified via report)
✅ testRecordFault passed (verified via report)
✅ testSetSuppressOutput passed (no output expected)
❌ testAccessors: getDistance failed
❌ 1 test(s) failed
<end of output>
Test time =   0.00 sec
----------------------------------------------------------
Test Failed.
"test_statistics_tracker" end time: May 29 06:43 UTC
"test_statistics_tracker" time elapsed: 00:00:00
----------------------------------------------------------

End testing: May 29 06:43 UTC
