Start testing: May 19 06:10 UTC
----------------------------------------------------------
1/4 Testing: TestEVTOL
1/4 Test: TestEVTOL
Command: "/workspaces/evtol_simulation/build/tests/test_evtol"
Directory: /workspaces/evtol_simulation/build/tests
"TestEVTOL" start time: May 19 06:10 UTC
Output:
----------------------------------------------------------
test_simulateStep passed
<end of output>
Test time =   0.00 sec
----------------------------------------------------------
Test Passed.
"TestEVTOL" end time: May 19 06:10 UTC
"TestEVTOL" time elapsed: 00:00:00
----------------------------------------------------------

2/4 Testing: TestFaultManager
2/4 Test: TestFaultManager
Command: "/workspaces/evtol_simulation/build/tests/test_fault_manager"
Directory: /workspaces/evtol_simulation/build/tests
"TestFaultManager" start time: May 19 06:10 UTC
Output:
----------------------------------------------------------
EVTOL 2 had fault code 500
test_recordFault passed
<end of output>
Test time =   0.00 sec
----------------------------------------------------------
Test Passed.
"TestFaultManager" end time: May 19 06:10 UTC
"TestFaultManager" time elapsed: 00:00:00
----------------------------------------------------------

3/4 Testing: TestStatisticsTracker
3/4 Test: TestStatisticsTracker
Command: "/workspaces/evtol_simulation/build/tests/test_statistics_tracker"
Directory: /workspaces/evtol_simulation/build/tests
"TestStatisticsTracker" start time: May 19 06:10 UTC
Output:
----------------------------------------------------------
Simulation Statistics:
Total Steps: 1
Total Faults: 0
Total Charging Requests: 0
test_statisticsTracker passed
<end of output>
Test time =   0.00 sec
----------------------------------------------------------
Test Passed.
"TestStatisticsTracker" end time: May 19 06:10 UTC
"TestStatisticsTracker" time elapsed: 00:00:00
----------------------------------------------------------

4/4 Testing: TestChargerManager
4/4 Test: TestChargerManager
Command: "/workspaces/evtol_simulation/build/tests/test_charger_manager"
Directory: /workspaces/evtol_simulation/build/tests
"TestChargerManager" start time: May 19 06:10 UTC
Output:
----------------------------------------------------------
Assigned charger to EVTOL 1
Assigned charger to EVTOL 2
No chargers available for EVTOL 3
Assigned charger to EVTOL 3
Available charging ports: 1
test_assignCharger passed
<end of output>
Test time =   0.00 sec
----------------------------------------------------------
Test Passed.
"TestChargerManager" end time: May 19 06:10 UTC
"TestChargerManager" time elapsed: 00:00:00
----------------------------------------------------------

End testing: May 19 06:10 UTC
